<?xml version="1.0" encoding="UTF-8"?>
<coverage generated="1565798641261" clover="3.2.0">
  <project timestamp="1565798641261" name="All files">
    <metrics statements="6" coveredstatements="5" conditionals="0" coveredconditionals="0" methods="9" coveredmethods="4" elements="15" coveredelements="9" complexity="0" loc="6" ncloc="6" packages="1" files="1" classes="1"/>
    <file name="validator.js" path="/Users/chance/Desktop/theFuture/codeFellows/cf401/labs/401-Lab2/lib/validator.js">
      <metrics statements="6" coveredstatements="5" conditionals="0" coveredconditionals="0" methods="9" coveredmethods="4"/>
      <line num="8" count="1" type="stmt"/>
      <line num="12" count="1" type="stmt"/>
      <line num="16" count="0" type="stmt"/>
      <line num="20" count="1" type="stmt"/>
      <line num="28" count="1" type="stmt"/>
      <line num="46" count="1" type="stmt"/>
    </file>
  </project>
</coverage>
