<?xml version="1.0" encoding="UTF-8"?>
<coverage generated="1565795287114" clover="3.2.0">
  <project timestamp="1565795287114" name="All files">
    <metrics statements="12" coveredstatements="12" conditionals="2" coveredconditionals="2" methods="4" coveredmethods="4" elements="18" coveredelements="18" complexity="0" loc="12" ncloc="12" packages="1" files="1" classes="1"/>
    <file name="validator.js" path="/Users/chance/Desktop/theFuture/codeFellows/cf401/labs/401-Lab2/lib/validator.js">
      <metrics statements="12" coveredstatements="12" conditionals="2" coveredconditionals="2" methods="4" coveredmethods="4"/>
      <line num="3" count="1" type="stmt"/>
      <line num="5" count="1" type="stmt"/>
      <line num="6" count="1" type="stmt"/>
      <line num="9" count="1" type="stmt"/>
      <line num="10" count="1" type="stmt"/>
      <line num="13" count="1" type="stmt"/>
      <line num="14" count="2" type="stmt"/>
      <line num="15" count="2" type="stmt"/>
      <line num="16" count="6" type="stmt"/>
      <line num="17" count="6" type="cond" truecount="2" falsecount="0"/>
      <line num="18" count="1" type="stmt"/>
      <line num="21" count="2" type="stmt"/>
    </file>
  </project>
</coverage>
