{"/Users/chance/Desktop/theFuture/codeFellows/cf401/labs/401-Lab2/lib/validator.js": {"path":"/Users/chance/Desktop/theFuture/codeFellows/cf401/labs/401-Lab2/lib/validator.js","statementMap":{"0":{"start":{"line":8,"column":2},"end":{"line":8,"column":23}},"1":{"start":{"line":12,"column":2},"end":{"line":12,"column":35}},"2":{"start":{"line":16,"column":2},"end":{"line":16,"column":30}},"3":{"start":{"line":20,"column":2},"end":{"line":20,"column":29}},"4":{"start":{"line":28,"column":2},"end":{"line":28,"column":34}},"5":{"start":{"line":46,"column":0},"end":{"line":46,"column":27}}},"fnMap":{"0":{"name":"(anonymous_0)","decl":{"start":{"line":7,"column":1},"end":{"line":7,"column":2}},"loc":{"start":{"line":7,"column":21},"end":{"line":9,"column":2}},"line":7},"1":{"name":"(anonymous_1)","decl":{"start":{"line":11,"column":1},"end":{"line":11,"column":2}},"loc":{"start":{"line":11,"column":17},"end":{"line":13,"column":2}},"line":11},"2":{"name":"(anonymous_2)","decl":{"start":{"line":15,"column":1},"end":{"line":15,"column":2}},"loc":{"start":{"line":15,"column":17},"end":{"line":17,"column":2}},"line":15},"3":{"name":"(anonymous_3)","decl":{"start":{"line":19,"column":1},"end":{"line":19,"column":2}},"loc":{"start":{"line":19,"column":16},"end":{"line":21,"column":2}},"line":19},"4":{"name":"(anonymous_4)","decl":{"start":{"line":23,"column":1},"end":{"line":23,"column":2}},"loc":{"start":{"line":23,"column":18},"end":{"line":25,"column":2}},"line":23},"5":{"name":"(anonymous_5)","decl":{"start":{"line":27,"column":1},"end":{"line":27,"column":2}},"loc":{"start":{"line":27,"column":17},"end":{"line":29,"column":2}},"line":27},"6":{"name":"(anonymous_6)","decl":{"start":{"line":31,"column":1},"end":{"line":31,"column":2}},"loc":{"start":{"line":31,"column":19},"end":{"line":33,"column":2}},"line":31},"7":{"name":"(anonymous_7)","decl":{"start":{"line":35,"column":1},"end":{"line":35,"column":2}},"loc":{"start":{"line":35,"column":17},"end":{"line":37,"column":2}},"line":35},"8":{"name":"(anonymous_8)","decl":{"start":{"line":42,"column":1},"end":{"line":42,"column":2}},"loc":{"start":{"line":42,"column":15},"end":{"line":43,"column":2}},"line":42}},"branchMap":{},"s":{"0":1,"1":1,"2":0,"3":1,"4":1,"5":1},"f":{"0":1,"1":1,"2":0,"3":1,"4":0,"5":1,"6":0,"7":0,"8":0},"b":{},"_coverageSchema":"43e27e138ebf9cfc5966b082cf9a028302ed4184","hash":"8c0ffaba4a375182bb11fd7621421553a478635e"}
}
